The system is: CYGWIN - 3.2.0(0.340/5/3) - i686
Compiling the C compiler identification source file "CMakeCCompilerId.c" succeeded.
Compiler: /usr/bin/cc 
Build flags: 
Id flags:  

The output was:
0


Compilation of the C compiler identification source "CMakeCCompilerId.c" produced "a.exe"

The C compiler identification is GNU, found in "/cygdrive/e/unicode_converter/boost/gbk_utf_sample/build/CMakeFiles/3.20.0/CompilerIdC/a.exe"

Compiling the CXX compiler identification source file "CMakeCXXCompilerId.cpp" succeeded.
Compiler: /usr/bin/c++.exe 
Build flags: 
Id flags:  

The output was:
0


Compilation of the CXX compiler identification source "CMakeCXXCompilerId.cpp" produced "a.exe"

The CXX compiler identification is GNU, found in "/cygdrive/e/unicode_converter/boost/gbk_utf_sample/build/CMakeFiles/3.20.0/CompilerIdCXX/a.exe"

Detecting C compiler ABI info compiled with the following output:
Change Dir: /cygdrive/e/unicode_converter/boost/gbk_utf_sample/build/CMakeFiles/CMakeTmp

Run Build Command(s):/usr/bin/make.exe -f Makefile cmTC_44338/fast && /usr/bin/make  -f CMakeFiles/cmTC_44338.dir/build.make CMakeFiles/cmTC_44338.dir/build
make[1]: Entering directory '/cygdrive/e/unicode_converter/boost/gbk_utf_sample/build/CMakeFiles/CMakeTmp'
Building C object CMakeFiles/cmTC_44338.dir/CMakeCCompilerABI.c.o
/usr/bin/cc   -v -o CMakeFiles/cmTC_44338.dir/CMakeCCompilerABI.c.o -c /usr/share/cmake-3.20.0/Modules/CMakeCCompilerABI.c
Using built-in specs.
COLLECT_GCC=/usr/bin/cc
Target: i686-pc-cygwin
Configured with: /mnt/share/cygpkgs/gcc/gcc.x86/src/gcc-10.2.0/configure --srcdir=/mnt/share/cygpkgs/gcc/gcc.x86/src/gcc-10.2.0 --prefix=/usr --exec-prefix=/usr --localstatedir=/var --sysconfdir=/etc --docdir=/usr/share/doc/gcc --htmldir=/usr/share/doc/gcc/html -C --build=i686-pc-cygwin --host=i686-pc-cygwin --target=i686-pc-cygwin --without-libiconv-prefix --without-libintl-prefix --libexecdir=/usr/lib --with-gcc-major-version-only --enable-shared --enable-shared-libgcc --enable-static --enable-version-specific-runtime-libs --enable-bootstrap --enable-__cxa_atexit --with-dwarf2 --with-arch=i686 --with-tune=generic --disable-sjlj-exceptions --enable-languages=c,c++,fortran,lto,objc,obj-c++ --enable-graphite --enable-threads=posix --enable-libatomic --enable-libgomp --enable-libquadmath --enable-libquadmath-support --disable-libssp --enable-libada --disable-symvers --with-gnu-ld --with-gnu-as --with-cloog-include=/usr/include/cloog-isl --without-libiconv-prefix --without-libintl-prefix --with-system-zlib --enable-linker-build-id --with-default-libstdcxx-abi=gcc4-compatible --enable-libstdcxx-filesystem-ts
Thread model: posix
Supported LTO compression algorithms: zlib zstd
gcc version 10.2.0 (GCC) 
COLLECT_GCC_OPTIONS='-v' '-o' 'CMakeFiles/cmTC_44338.dir/CMakeCCompilerABI.c.o' '-c' '-mtune=generic' '-march=i686'
 /usr/lib/gcc/i686-pc-cygwin/10/cc1.exe -quiet -v -idirafter /usr/lib/gcc/i686-pc-cygwin/10/../../../../include/w32api -idirafter /usr/lib/gcc/i686-pc-cygwin/10/../../../../i686-pc-cygwin/lib/../../include/w32api /usr/share/cmake-3.20.0/Modules/CMakeCCompilerABI.c -quiet -dumpbase CMakeCCompilerABI.c -mtune=generic -march=i686 -auxbase-strip CMakeFiles/cmTC_44338.dir/CMakeCCompilerABI.c.o -version -o /tmp/ccWf70Ro.s
GNU C17 (GCC) version 10.2.0 (i686-pc-cygwin)
	compiled by GNU C version 10.2.0, GMP version 6.2.0, MPFR version 4.1.0, MPC version 1.1.0, isl version isl-0.22.1-GMP

warning: GMP header version 6.2.0 differs from library version 6.2.1.
warning: MPC header version 1.1.0 differs from library version 1.2.1.
GGC heuristics: --param ggc-min-expand=100 --param ggc-min-heapsize=131072
ignoring nonexistent directory "/usr/local/include"
ignoring nonexistent directory "/usr/lib/gcc/i686-pc-cygwin/10/include-fixed"
ignoring nonexistent directory "/usr/lib/gcc/i686-pc-cygwin/10/../../../../i686-pc-cygwin/include"
ignoring duplicate directory "/usr/lib/gcc/i686-pc-cygwin/10/../../../../i686-pc-cygwin/lib/../../include/w32api"
#include "..." search starts here:
#include <...> search starts here:
 /usr/lib/gcc/i686-pc-cygwin/10/include
 /usr/include
 /usr/lib/gcc/i686-pc-cygwin/10/../../../../include/w32api
End of search list.
GNU C17 (GCC) version 10.2.0 (i686-pc-cygwin)
	compiled by GNU C version 10.2.0, GMP version 6.2.0, MPFR version 4.1.0, MPC version 1.1.0, isl version isl-0.22.1-GMP

warning: GMP header version 6.2.0 differs from library version 6.2.1.
warning: MPC header version 1.1.0 differs from library version 1.2.1.
GGC heuristics: --param ggc-min-expand=100 --param ggc-min-heapsize=131072
Compiler executable checksum: 40e2e6898b0b7cad5a5f0fe4aed56d9d
COLLECT_GCC_OPTIONS='-v' '-o' 'CMakeFiles/cmTC_44338.dir/CMakeCCompilerABI.c.o' '-c' '-mtune=generic' '-march=i686'
 /usr/lib/gcc/i686-pc-cygwin/10/../../../../i686-pc-cygwin/bin/as.exe -v -o CMakeFiles/cmTC_44338.dir/CMakeCCompilerABI.c.o /tmp/ccWf70Ro.s
GNU assembler version 2.36.1 (i686-pc-cygwin) using BFD version (GNU Binutils) 2.36.1
COMPILER_PATH=/usr/lib/gcc/i686-pc-cygwin/10/:/usr/lib/gcc/i686-pc-cygwin/10/:/usr/lib/gcc/i686-pc-cygwin/:/usr/lib/gcc/i686-pc-cygwin/10/:/usr/lib/gcc/i686-pc-cygwin/:/usr/lib/gcc/i686-pc-cygwin/10/../../../../i686-pc-cygwin/bin/
LIBRARY_PATH=/usr/lib/gcc/i686-pc-cygwin/10/:/usr/lib/gcc/i686-pc-cygwin/10/../../../../i686-pc-cygwin/lib/:/usr/lib/gcc/i686-pc-cygwin/10/../../../:/lib/:/usr/lib/
COLLECT_GCC_OPTIONS='-v' '-o' 'CMakeFiles/cmTC_44338.dir/CMakeCCompilerABI.c.o' '-c' '-mtune=generic' '-march=i686'
Linking C executable cmTC_44338.exe
/usr/bin/cmake.exe -E cmake_link_script CMakeFiles/cmTC_44338.dir/link.txt --verbose=1
/usr/bin/cc -Wl,--enable-auto-import -v CMakeFiles/cmTC_44338.dir/CMakeCCompilerABI.c.o -o cmTC_44338.exe -Wl,--out-implib,libcmTC_44338.dll.a -Wl,--major-image-version,0,--minor-image-version,0 
Using built-in specs.
COLLECT_GCC=/usr/bin/cc
COLLECT_LTO_WRAPPER=/usr/lib/gcc/i686-pc-cygwin/10/lto-wrapper.exe
Target: i686-pc-cygwin
Configured with: /mnt/share/cygpkgs/gcc/gcc.x86/src/gcc-10.2.0/configure --srcdir=/mnt/share/cygpkgs/gcc/gcc.x86/src/gcc-10.2.0 --prefix=/usr --exec-prefix=/usr --localstatedir=/var --sysconfdir=/etc --docdir=/usr/share/doc/gcc --htmldir=/usr/share/doc/gcc/html -C --build=i686-pc-cygwin --host=i686-pc-cygwin --target=i686-pc-cygwin --without-libiconv-prefix --without-libintl-prefix --libexecdir=/usr/lib --with-gcc-major-version-only --enable-shared --enable-shared-libgcc --enable-static --enable-version-specific-runtime-libs --enable-bootstrap --enable-__cxa_atexit --with-dwarf2 --with-arch=i686 --with-tune=generic --disable-sjlj-exceptions --enable-languages=c,c++,fortran,lto,objc,obj-c++ --enable-graphite --enable-threads=posix --enable-libatomic --enable-libgomp --enable-libquadmath --enable-libquadmath-support --disable-libssp --enable-libada --disable-symvers --with-gnu-ld --with-gnu-as --with-cloog-include=/usr/include/cloog-isl --without-libiconv-prefix --without-libintl-prefix --with-system-zlib --enable-linker-build-id --with-default-libstdcxx-abi=gcc4-compatible --enable-libstdcxx-filesystem-ts
Thread model: posix
Supported LTO compression algorithms: zlib zstd
gcc version 10.2.0 (GCC) 
COMPILER_PATH=/usr/lib/gcc/i686-pc-cygwin/10/:/usr/lib/gcc/i686-pc-cygwin/10/:/usr/lib/gcc/i686-pc-cygwin/:/usr/lib/gcc/i686-pc-cygwin/10/:/usr/lib/gcc/i686-pc-cygwin/:/usr/lib/gcc/i686-pc-cygwin/10/../../../../i686-pc-cygwin/bin/
LIBRARY_PATH=/usr/lib/gcc/i686-pc-cygwin/10/:/usr/lib/gcc/i686-pc-cygwin/10/../../../../i686-pc-cygwin/lib/:/usr/lib/gcc/i686-pc-cygwin/10/../../../:/lib/:/usr/lib/
COLLECT_GCC_OPTIONS='-v' '-o' 'cmTC_44338.exe' '-mtune=generic' '-march=i686'
 /usr/lib/gcc/i686-pc-cygwin/10/collect2.exe -plugin /usr/lib/gcc/i686-pc-cygwin/10/cyglto_plugin.dll -plugin-opt=/usr/lib/gcc/i686-pc-cygwin/10/lto-wrapper.exe -plugin-opt=-fresolution=/tmp/ccAtfGMR.res -plugin-opt=-pass-through=-lgcc_s -plugin-opt=-pass-through=-lgcc -plugin-opt=-pass-through=-lcygwin -plugin-opt=-pass-through=-ladvapi32 -plugin-opt=-pass-through=-lshell32 -plugin-opt=-pass-through=-luser32 -plugin-opt=-pass-through=-lkernel32 -plugin-opt=-pass-through=-lgcc_s -plugin-opt=-pass-through=-lgcc --build-id --wrap _Znwj --wrap _Znaj --wrap _ZdlPv --wrap _ZdaPv --wrap _ZnwjRKSt9nothrow_t --wrap _ZnajRKSt9nothrow_t --wrap _ZdlPvRKSt9nothrow_t --wrap _ZdaPvRKSt9nothrow_t -Bdynamic --dll-search-prefix=cyg --large-address-aware --tsaware -o cmTC_44338.exe /usr/lib/gcc/i686-pc-cygwin/10/../../../crt0.o /usr/lib/gcc/i686-pc-cygwin/10/crtbegin.o -L/usr/lib/gcc/i686-pc-cygwin/10 -L/usr/lib/gcc/i686-pc-cygwin/10/../../../../i686-pc-cygwin/lib -L/usr/lib/gcc/i686-pc-cygwin/10/../../.. --enable-auto-import CMakeFiles/cmTC_44338.dir/CMakeCCompilerABI.c.o --out-implib libcmTC_44338.dll.a --major-image-version 0 --minor-image-version 0 -lgcc_s -lgcc -lcygwin -ladvapi32 -lshell32 -luser32 -lkernel32 -lgcc_s -lgcc /usr/lib/gcc/i686-pc-cygwin/10/../../../default-manifest.o /usr/lib/gcc/i686-pc-cygwin/10/crtend.o
COLLECT_GCC_OPTIONS='-v' '-o' 'cmTC_44338.exe' '-mtune=generic' '-march=i686'
make[1]: Leaving directory '/cygdrive/e/unicode_converter/boost/gbk_utf_sample/build/CMakeFiles/CMakeTmp'



Parsed C implicit include dir info from above output: rv=done
  found start of include info
  found start of implicit include info
    add: [/usr/lib/gcc/i686-pc-cygwin/10/include]
    add: [/usr/include]
    add: [/usr/lib/gcc/i686-pc-cygwin/10/../../../../include/w32api]
  end of search list found
  collapse include dir [/usr/lib/gcc/i686-pc-cygwin/10/include] ==> [/usr/lib/gcc/i686-pc-cygwin/10/include]
  collapse include dir [/usr/include] ==> [/usr/include]
  collapse include dir [/usr/lib/gcc/i686-pc-cygwin/10/../../../../include/w32api] ==> [/usr/include/w32api]
  implicit include dirs: [/usr/lib/gcc/i686-pc-cygwin/10/include;/usr/include;/usr/include/w32api]


Parsed C implicit link information from above output:
  link line regex: [^( *|.*[/\])(ld\.exe|CMAKE_LINK_STARTFILE-NOTFOUND|([^/\]+-)?ld|collect2)[^/\]*( |$)]
  ignore line: [Change Dir: /cygdrive/e/unicode_converter/boost/gbk_utf_sample/build/CMakeFiles/CMakeTmp]
  ignore line: []
  ignore line: [Run Build Command(s):/usr/bin/make.exe -f Makefile cmTC_44338/fast && /usr/bin/make  -f CMakeFiles/cmTC_44338.dir/build.make CMakeFiles/cmTC_44338.dir/build]
  ignore line: [make[1]: Entering directory '/cygdrive/e/unicode_converter/boost/gbk_utf_sample/build/CMakeFiles/CMakeTmp']
  ignore line: [Building C object CMakeFiles/cmTC_44338.dir/CMakeCCompilerABI.c.o]
  ignore line: [/usr/bin/cc   -v -o CMakeFiles/cmTC_44338.dir/CMakeCCompilerABI.c.o -c /usr/share/cmake-3.20.0/Modules/CMakeCCompilerABI.c]
  ignore line: [Using built-in specs.]
  ignore line: [COLLECT_GCC=/usr/bin/cc]
  ignore line: [Target: i686-pc-cygwin]
  ignore line: [Configured with: /mnt/share/cygpkgs/gcc/gcc.x86/src/gcc-10.2.0/configure --srcdir=/mnt/share/cygpkgs/gcc/gcc.x86/src/gcc-10.2.0 --prefix=/usr --exec-prefix=/usr --localstatedir=/var --sysconfdir=/etc --docdir=/usr/share/doc/gcc --htmldir=/usr/share/doc/gcc/html -C --build=i686-pc-cygwin --host=i686-pc-cygwin --target=i686-pc-cygwin --without-libiconv-prefix --without-libintl-prefix --libexecdir=/usr/lib --with-gcc-major-version-only --enable-shared --enable-shared-libgcc --enable-static --enable-version-specific-runtime-libs --enable-bootstrap --enable-__cxa_atexit --with-dwarf2 --with-arch=i686 --with-tune=generic --disable-sjlj-exceptions --enable-languages=c,c++,fortran,lto,objc,obj-c++ --enable-graphite --enable-threads=posix --enable-libatomic --enable-libgomp --enable-libquadmath --enable-libquadmath-support --disable-libssp --enable-libada --disable-symvers --with-gnu-ld --with-gnu-as --with-cloog-include=/usr/include/cloog-isl --without-libiconv-prefix --without-libintl-prefix --with-system-zlib --enable-linker-build-id --with-default-libstdcxx-abi=gcc4-compatible --enable-libstdcxx-filesystem-ts]
  ignore line: [Thread model: posix]
  ignore line: [Supported LTO compression algorithms: zlib zstd]
  ignore line: [gcc version 10.2.0 (GCC) ]
  ignore line: [COLLECT_GCC_OPTIONS='-v' '-o' 'CMakeFiles/cmTC_44338.dir/CMakeCCompilerABI.c.o' '-c' '-mtune=generic' '-march=i686']
  ignore line: [ /usr/lib/gcc/i686-pc-cygwin/10/cc1.exe -quiet -v -idirafter /usr/lib/gcc/i686-pc-cygwin/10/../../../../include/w32api -idirafter /usr/lib/gcc/i686-pc-cygwin/10/../../../../i686-pc-cygwin/lib/../../include/w32api /usr/share/cmake-3.20.0/Modules/CMakeCCompilerABI.c -quiet -dumpbase CMakeCCompilerABI.c -mtune=generic -march=i686 -auxbase-strip CMakeFiles/cmTC_44338.dir/CMakeCCompilerABI.c.o -version -o /tmp/ccWf70Ro.s]
  ignore line: [GNU C17 (GCC) version 10.2.0 (i686-pc-cygwin)]
  ignore line: [	compiled by GNU C version 10.2.0  GMP version 6.2.0  MPFR version 4.1.0  MPC version 1.1.0  isl version isl-0.22.1-GMP]
  ignore line: []
  ignore line: [warning: GMP header version 6.2.0 differs from library version 6.2.1.]
  ignore line: [warning: MPC header version 1.1.0 differs from library version 1.2.1.]
  ignore line: [GGC heuristics: --param ggc-min-expand=100 --param ggc-min-heapsize=131072]
  ignore line: [ignoring nonexistent directory "/usr/local/include"]
  ignore line: [ignoring nonexistent directory "/usr/lib/gcc/i686-pc-cygwin/10/include-fixed"]
  ignore line: [ignoring nonexistent directory "/usr/lib/gcc/i686-pc-cygwin/10/../../../../i686-pc-cygwin/include"]
  ignore line: [ignoring duplicate directory "/usr/lib/gcc/i686-pc-cygwin/10/../../../../i686-pc-cygwin/lib/../../include/w32api"]
  ignore line: [#include "..." search starts here:]
  ignore line: [#include <...> search starts here:]
  ignore line: [ /usr/lib/gcc/i686-pc-cygwin/10/include]
  ignore line: [ /usr/include]
  ignore line: [ /usr/lib/gcc/i686-pc-cygwin/10/../../../../include/w32api]
  ignore line: [End of search list.]
  ignore line: [GNU C17 (GCC) version 10.2.0 (i686-pc-cygwin)]
  ignore line: [	compiled by GNU C version 10.2.0  GMP version 6.2.0  MPFR version 4.1.0  MPC version 1.1.0  isl version isl-0.22.1-GMP]
  ignore line: []
  ignore line: [warning: GMP header version 6.2.0 differs from library version 6.2.1.]
  ignore line: [warning: MPC header version 1.1.0 differs from library version 1.2.1.]
  ignore line: [GGC heuristics: --param ggc-min-expand=100 --param ggc-min-heapsize=131072]
  ignore line: [Compiler executable checksum: 40e2e6898b0b7cad5a5f0fe4aed56d9d]
  ignore line: [COLLECT_GCC_OPTIONS='-v' '-o' 'CMakeFiles/cmTC_44338.dir/CMakeCCompilerABI.c.o' '-c' '-mtune=generic' '-march=i686']
  ignore line: [ /usr/lib/gcc/i686-pc-cygwin/10/../../../../i686-pc-cygwin/bin/as.exe -v -o CMakeFiles/cmTC_44338.dir/CMakeCCompilerABI.c.o /tmp/ccWf70Ro.s]
  ignore line: [GNU assembler version 2.36.1 (i686-pc-cygwin) using BFD version (GNU Binutils) 2.36.1]
  ignore line: [COMPILER_PATH=/usr/lib/gcc/i686-pc-cygwin/10/:/usr/lib/gcc/i686-pc-cygwin/10/:/usr/lib/gcc/i686-pc-cygwin/:/usr/lib/gcc/i686-pc-cygwin/10/:/usr/lib/gcc/i686-pc-cygwin/:/usr/lib/gcc/i686-pc-cygwin/10/../../../../i686-pc-cygwin/bin/]
  ignore line: [LIBRARY_PATH=/usr/lib/gcc/i686-pc-cygwin/10/:/usr/lib/gcc/i686-pc-cygwin/10/../../../../i686-pc-cygwin/lib/:/usr/lib/gcc/i686-pc-cygwin/10/../../../:/lib/:/usr/lib/]
  ignore line: [COLLECT_GCC_OPTIONS='-v' '-o' 'CMakeFiles/cmTC_44338.dir/CMakeCCompilerABI.c.o' '-c' '-mtune=generic' '-march=i686']
  ignore line: [Linking C executable cmTC_44338.exe]
  ignore line: [/usr/bin/cmake.exe -E cmake_link_script CMakeFiles/cmTC_44338.dir/link.txt --verbose=1]
  ignore line: [/usr/bin/cc -Wl --enable-auto-import -v CMakeFiles/cmTC_44338.dir/CMakeCCompilerABI.c.o -o cmTC_44338.exe -Wl --out-implib libcmTC_44338.dll.a -Wl --major-image-version 0 --minor-image-version 0 ]
  ignore line: [Using built-in specs.]
  ignore line: [COLLECT_GCC=/usr/bin/cc]
  ignore line: [COLLECT_LTO_WRAPPER=/usr/lib/gcc/i686-pc-cygwin/10/lto-wrapper.exe]
  ignore line: [Target: i686-pc-cygwin]
  ignore line: [Configured with: /mnt/share/cygpkgs/gcc/gcc.x86/src/gcc-10.2.0/configure --srcdir=/mnt/share/cygpkgs/gcc/gcc.x86/src/gcc-10.2.0 --prefix=/usr --exec-prefix=/usr --localstatedir=/var --sysconfdir=/etc --docdir=/usr/share/doc/gcc --htmldir=/usr/share/doc/gcc/html -C --build=i686-pc-cygwin --host=i686-pc-cygwin --target=i686-pc-cygwin --without-libiconv-prefix --without-libintl-prefix --libexecdir=/usr/lib --with-gcc-major-version-only --enable-shared --enable-shared-libgcc --enable-static --enable-version-specific-runtime-libs --enable-bootstrap --enable-__cxa_atexit --with-dwarf2 --with-arch=i686 --with-tune=generic --disable-sjlj-exceptions --enable-languages=c,c++,fortran,lto,objc,obj-c++ --enable-graphite --enable-threads=posix --enable-libatomic --enable-libgomp --enable-libquadmath --enable-libquadmath-support --disable-libssp --enable-libada --disable-symvers --with-gnu-ld --with-gnu-as --with-cloog-include=/usr/include/cloog-isl --without-libiconv-prefix --without-libintl-prefix --with-system-zlib --enable-linker-build-id --with-default-libstdcxx-abi=gcc4-compatible --enable-libstdcxx-filesystem-ts]
  ignore line: [Thread model: posix]
  ignore line: [Supported LTO compression algorithms: zlib zstd]
  ignore line: [gcc version 10.2.0 (GCC) ]
  ignore line: [COMPILER_PATH=/usr/lib/gcc/i686-pc-cygwin/10/:/usr/lib/gcc/i686-pc-cygwin/10/:/usr/lib/gcc/i686-pc-cygwin/:/usr/lib/gcc/i686-pc-cygwin/10/:/usr/lib/gcc/i686-pc-cygwin/:/usr/lib/gcc/i686-pc-cygwin/10/../../../../i686-pc-cygwin/bin/]
  ignore line: [LIBRARY_PATH=/usr/lib/gcc/i686-pc-cygwin/10/:/usr/lib/gcc/i686-pc-cygwin/10/../../../../i686-pc-cygwin/lib/:/usr/lib/gcc/i686-pc-cygwin/10/../../../:/lib/:/usr/lib/]
  ignore line: [COLLECT_GCC_OPTIONS='-v' '-o' 'cmTC_44338.exe' '-mtune=generic' '-march=i686']
  link line: [ /usr/lib/gcc/i686-pc-cygwin/10/collect2.exe -plugin /usr/lib/gcc/i686-pc-cygwin/10/cyglto_plugin.dll -plugin-opt=/usr/lib/gcc/i686-pc-cygwin/10/lto-wrapper.exe -plugin-opt=-fresolution=/tmp/ccAtfGMR.res -plugin-opt=-pass-through=-lgcc_s -plugin-opt=-pass-through=-lgcc -plugin-opt=-pass-through=-lcygwin -plugin-opt=-pass-through=-ladvapi32 -plugin-opt=-pass-through=-lshell32 -plugin-opt=-pass-through=-luser32 -plugin-opt=-pass-through=-lkernel32 -plugin-opt=-pass-through=-lgcc_s -plugin-opt=-pass-through=-lgcc --build-id --wrap _Znwj --wrap _Znaj --wrap _ZdlPv --wrap _ZdaPv --wrap _ZnwjRKSt9nothrow_t --wrap _ZnajRKSt9nothrow_t --wrap _ZdlPvRKSt9nothrow_t --wrap _ZdaPvRKSt9nothrow_t -Bdynamic --dll-search-prefix=cyg --large-address-aware --tsaware -o cmTC_44338.exe /usr/lib/gcc/i686-pc-cygwin/10/../../../crt0.o /usr/lib/gcc/i686-pc-cygwin/10/crtbegin.o -L/usr/lib/gcc/i686-pc-cygwin/10 -L/usr/lib/gcc/i686-pc-cygwin/10/../../../../i686-pc-cygwin/lib -L/usr/lib/gcc/i686-pc-cygwin/10/../../.. --enable-auto-import CMakeFiles/cmTC_44338.dir/CMakeCCompilerABI.c.o --out-implib libcmTC_44338.dll.a --major-image-version 0 --minor-image-version 0 -lgcc_s -lgcc -lcygwin -ladvapi32 -lshell32 -luser32 -lkernel32 -lgcc_s -lgcc /usr/lib/gcc/i686-pc-cygwin/10/../../../default-manifest.o /usr/lib/gcc/i686-pc-cygwin/10/crtend.o]
    arg [/usr/lib/gcc/i686-pc-cygwin/10/collect2.exe] ==> ignore
    arg [-plugin] ==> ignore
    arg [/usr/lib/gcc/i686-pc-cygwin/10/cyglto_plugin.dll] ==> ignore
    arg [-plugin-opt=/usr/lib/gcc/i686-pc-cygwin/10/lto-wrapper.exe] ==> ignore
    arg [-plugin-opt=-fresolution=/tmp/ccAtfGMR.res] ==> ignore
    arg [-plugin-opt=-pass-through=-lgcc_s] ==> ignore
    arg [-plugin-opt=-pass-through=-lgcc] ==> ignore
    arg [-plugin-opt=-pass-through=-lcygwin] ==> ignore
    arg [-plugin-opt=-pass-through=-ladvapi32] ==> ignore
    arg [-plugin-opt=-pass-through=-lshell32] ==> ignore
    arg [-plugin-opt=-pass-through=-luser32] ==> ignore
    arg [-plugin-opt=-pass-through=-lkernel32] ==> ignore
    arg [-plugin-opt=-pass-through=-lgcc_s] ==> ignore
    arg [-plugin-opt=-pass-through=-lgcc] ==> ignore
    arg [--build-id] ==> ignore
    arg [--wrap] ==> ignore
    arg [_Znwj] ==> ignore
    arg [--wrap] ==> ignore
    arg [_Znaj] ==> ignore
    arg [--wrap] ==> ignore
    arg [_ZdlPv] ==> ignore
    arg [--wrap] ==> ignore
    arg [_ZdaPv] ==> ignore
    arg [--wrap] ==> ignore
    arg [_ZnwjRKSt9nothrow_t] ==> ignore
    arg [--wrap] ==> ignore
    arg [_ZnajRKSt9nothrow_t] ==> ignore
    arg [--wrap] ==> ignore
    arg [_ZdlPvRKSt9nothrow_t] ==> ignore
    arg [--wrap] ==> ignore
    arg [_ZdaPvRKSt9nothrow_t] ==> ignore
    arg [-Bdynamic] ==> ignore
    arg [--dll-search-prefix=cyg] ==> ignore
    arg [--large-address-aware] ==> ignore
    arg [--tsaware] ==> ignore
    arg [-o] ==> ignore
    arg [cmTC_44338.exe] ==> ignore
    arg [/usr/lib/gcc/i686-pc-cygwin/10/../../../crt0.o] ==> ignore
    arg [/usr/lib/gcc/i686-pc-cygwin/10/crtbegin.o] ==> ignore
    arg [-L/usr/lib/gcc/i686-pc-cygwin/10] ==> dir [/usr/lib/gcc/i686-pc-cygwin/10]
    arg [-L/usr/lib/gcc/i686-pc-cygwin/10/../../../../i686-pc-cygwin/lib] ==> dir [/usr/lib/gcc/i686-pc-cygwin/10/../../../../i686-pc-cygwin/lib]
    arg [-L/usr/lib/gcc/i686-pc-cygwin/10/../../..] ==> dir [/usr/lib/gcc/i686-pc-cygwin/10/../../..]
    arg [--enable-auto-import] ==> ignore
    arg [CMakeFiles/cmTC_44338.dir/CMakeCCompilerABI.c.o] ==> ignore
    arg [--out-implib] ==> ignore
    arg [libcmTC_44338.dll.a] ==> ignore
    arg [--major-image-version] ==> ignore
    arg [0] ==> ignore
    arg [--minor-image-version] ==> ignore
    arg [0] ==> ignore
    arg [-lgcc_s] ==> lib [gcc_s]
    arg [-lgcc] ==> lib [gcc]
    arg [-lcygwin] ==> lib [cygwin]
    arg [-ladvapi32] ==> lib [advapi32]
    arg [-lshell32] ==> lib [shell32]
    arg [-luser32] ==> lib [user32]
    arg [-lkernel32] ==> lib [kernel32]
    arg [-lgcc_s] ==> lib [gcc_s]
    arg [-lgcc] ==> lib [gcc]
    arg [/usr/lib/gcc/i686-pc-cygwin/10/../../../default-manifest.o] ==> ignore
    arg [/usr/lib/gcc/i686-pc-cygwin/10/crtend.o] ==> ignore
  collapse library dir [/usr/lib/gcc/i686-pc-cygwin/10] ==> [/usr/lib/gcc/i686-pc-cygwin/10]
  collapse library dir [/usr/lib/gcc/i686-pc-cygwin/10/../../../../i686-pc-cygwin/lib] ==> [/usr/i686-pc-cygwin/lib]
  collapse library dir [/usr/lib/gcc/i686-pc-cygwin/10/../../..] ==> [/usr/lib]
  implicit libs: [gcc_s;gcc;cygwin;advapi32;shell32;user32;kernel32;gcc_s;gcc]
  implicit dirs: [/usr/lib/gcc/i686-pc-cygwin/10;/usr/i686-pc-cygwin/lib;/usr/lib]
  implicit fwks: []


Detecting CXX compiler ABI info compiled with the following output:
Change Dir: /cygdrive/e/unicode_converter/boost/gbk_utf_sample/build/CMakeFiles/CMakeTmp

Run Build Command(s):/usr/bin/make.exe -f Makefile cmTC_45708/fast && /usr/bin/make  -f CMakeFiles/cmTC_45708.dir/build.make CMakeFiles/cmTC_45708.dir/build
make[1]: Entering directory '/cygdrive/e/unicode_converter/boost/gbk_utf_sample/build/CMakeFiles/CMakeTmp'
Building CXX object CMakeFiles/cmTC_45708.dir/CMakeCXXCompilerABI.cpp.o
/usr/bin/c++.exe   -v -o CMakeFiles/cmTC_45708.dir/CMakeCXXCompilerABI.cpp.o -c /usr/share/cmake-3.20.0/Modules/CMakeCXXCompilerABI.cpp
Using built-in specs.
COLLECT_GCC=/usr/bin/c++
Target: i686-pc-cygwin
Configured with: /mnt/share/cygpkgs/gcc/gcc.x86/src/gcc-10.2.0/configure --srcdir=/mnt/share/cygpkgs/gcc/gcc.x86/src/gcc-10.2.0 --prefix=/usr --exec-prefix=/usr --localstatedir=/var --sysconfdir=/etc --docdir=/usr/share/doc/gcc --htmldir=/usr/share/doc/gcc/html -C --build=i686-pc-cygwin --host=i686-pc-cygwin --target=i686-pc-cygwin --without-libiconv-prefix --without-libintl-prefix --libexecdir=/usr/lib --with-gcc-major-version-only --enable-shared --enable-shared-libgcc --enable-static --enable-version-specific-runtime-libs --enable-bootstrap --enable-__cxa_atexit --with-dwarf2 --with-arch=i686 --with-tune=generic --disable-sjlj-exceptions --enable-languages=c,c++,fortran,lto,objc,obj-c++ --enable-graphite --enable-threads=posix --enable-libatomic --enable-libgomp --enable-libquadmath --enable-libquadmath-support --disable-libssp --enable-libada --disable-symvers --with-gnu-ld --with-gnu-as --with-cloog-include=/usr/include/cloog-isl --without-libiconv-prefix --without-libintl-prefix --with-system-zlib --enable-linker-build-id --with-default-libstdcxx-abi=gcc4-compatible --enable-libstdcxx-filesystem-ts
Thread model: posix
Supported LTO compression algorithms: zlib zstd
gcc version 10.2.0 (GCC) 
COLLECT_GCC_OPTIONS='-v' '-o' 'CMakeFiles/cmTC_45708.dir/CMakeCXXCompilerABI.cpp.o' '-c' '-shared-libgcc' '-mtune=generic' '-march=i686'
 /usr/lib/gcc/i686-pc-cygwin/10/cc1plus.exe -quiet -v -idirafter /usr/lib/gcc/i686-pc-cygwin/10/../../../../include/w32api -idirafter /usr/lib/gcc/i686-pc-cygwin/10/../../../../i686-pc-cygwin/lib/../../include/w32api /usr/share/cmake-3.20.0/Modules/CMakeCXXCompilerABI.cpp -quiet -dumpbase CMakeCXXCompilerABI.cpp -mtune=generic -march=i686 -auxbase-strip CMakeFiles/cmTC_45708.dir/CMakeCXXCompilerABI.cpp.o -version -o /tmp/ccRnSwI1.s
GNU C++14 (GCC) version 10.2.0 (i686-pc-cygwin)
	compiled by GNU C version 10.2.0, GMP version 6.2.0, MPFR version 4.1.0, MPC version 1.1.0, isl version isl-0.22.1-GMP

warning: GMP header version 6.2.0 differs from library version 6.2.1.
warning: MPC header version 1.1.0 differs from library version 1.2.1.
GGC heuristics: --param ggc-min-expand=100 --param ggc-min-heapsize=131072
ignoring nonexistent directory "/usr/local/include"
ignoring nonexistent directory "/usr/lib/gcc/i686-pc-cygwin/10/include-fixed"
ignoring nonexistent directory "/usr/lib/gcc/i686-pc-cygwin/10/../../../../i686-pc-cygwin/include"
ignoring duplicate directory "/usr/lib/gcc/i686-pc-cygwin/10/../../../../i686-pc-cygwin/lib/../../include/w32api"
#include "..." search starts here:
#include <...> search starts here:
 /usr/lib/gcc/i686-pc-cygwin/10/include/c++
 /usr/lib/gcc/i686-pc-cygwin/10/include/c++/i686-pc-cygwin
 /usr/lib/gcc/i686-pc-cygwin/10/include/c++/backward
 /usr/lib/gcc/i686-pc-cygwin/10/include
 /usr/include
 /usr/lib/gcc/i686-pc-cygwin/10/../../../../include/w32api
End of search list.
GNU C++14 (GCC) version 10.2.0 (i686-pc-cygwin)
	compiled by GNU C version 10.2.0, GMP version 6.2.0, MPFR version 4.1.0, MPC version 1.1.0, isl version isl-0.22.1-GMP

warning: GMP header version 6.2.0 differs from library version 6.2.1.
warning: MPC header version 1.1.0 differs from library version 1.2.1.
GGC heuristics: --param ggc-min-expand=100 --param ggc-min-heapsize=131072
Compiler executable checksum: 245f985392701ece9033501f75b480d5
COLLECT_GCC_OPTIONS='-v' '-o' 'CMakeFiles/cmTC_45708.dir/CMakeCXXCompilerABI.cpp.o' '-c' '-shared-libgcc' '-mtune=generic' '-march=i686'
 /usr/lib/gcc/i686-pc-cygwin/10/../../../../i686-pc-cygwin/bin/as.exe -v -o CMakeFiles/cmTC_45708.dir/CMakeCXXCompilerABI.cpp.o /tmp/ccRnSwI1.s
GNU assembler version 2.36.1 (i686-pc-cygwin) using BFD version (GNU Binutils) 2.36.1
COMPILER_PATH=/usr/lib/gcc/i686-pc-cygwin/10/:/usr/lib/gcc/i686-pc-cygwin/10/:/usr/lib/gcc/i686-pc-cygwin/:/usr/lib/gcc/i686-pc-cygwin/10/:/usr/lib/gcc/i686-pc-cygwin/:/usr/lib/gcc/i686-pc-cygwin/10/../../../../i686-pc-cygwin/bin/
LIBRARY_PATH=/usr/lib/gcc/i686-pc-cygwin/10/:/usr/lib/gcc/i686-pc-cygwin/10/../../../../i686-pc-cygwin/lib/:/usr/lib/gcc/i686-pc-cygwin/10/../../../:/lib/:/usr/lib/
COLLECT_GCC_OPTIONS='-v' '-o' 'CMakeFiles/cmTC_45708.dir/CMakeCXXCompilerABI.cpp.o' '-c' '-shared-libgcc' '-mtune=generic' '-march=i686'
Linking CXX executable cmTC_45708.exe
/usr/bin/cmake.exe -E cmake_link_script CMakeFiles/cmTC_45708.dir/link.txt --verbose=1
/usr/bin/c++.exe -Wl,--enable-auto-import -v CMakeFiles/cmTC_45708.dir/CMakeCXXCompilerABI.cpp.o -o cmTC_45708.exe -Wl,--out-implib,libcmTC_45708.dll.a -Wl,--major-image-version,0,--minor-image-version,0 
Using built-in specs.
COLLECT_GCC=/usr/bin/c++
COLLECT_LTO_WRAPPER=/usr/lib/gcc/i686-pc-cygwin/10/lto-wrapper.exe
Target: i686-pc-cygwin
Configured with: /mnt/share/cygpkgs/gcc/gcc.x86/src/gcc-10.2.0/configure --srcdir=/mnt/share/cygpkgs/gcc/gcc.x86/src/gcc-10.2.0 --prefix=/usr --exec-prefix=/usr --localstatedir=/var --sysconfdir=/etc --docdir=/usr/share/doc/gcc --htmldir=/usr/share/doc/gcc/html -C --build=i686-pc-cygwin --host=i686-pc-cygwin --target=i686-pc-cygwin --without-libiconv-prefix --without-libintl-prefix --libexecdir=/usr/lib --with-gcc-major-version-only --enable-shared --enable-shared-libgcc --enable-static --enable-version-specific-runtime-libs --enable-bootstrap --enable-__cxa_atexit --with-dwarf2 --with-arch=i686 --with-tune=generic --disable-sjlj-exceptions --enable-languages=c,c++,fortran,lto,objc,obj-c++ --enable-graphite --enable-threads=posix --enable-libatomic --enable-libgomp --enable-libquadmath --enable-libquadmath-support --disable-libssp --enable-libada --disable-symvers --with-gnu-ld --with-gnu-as --with-cloog-include=/usr/include/cloog-isl --without-libiconv-prefix --without-libintl-prefix --with-system-zlib --enable-linker-build-id --with-default-libstdcxx-abi=gcc4-compatible --enable-libstdcxx-filesystem-ts
Thread model: posix
Supported LTO compression algorithms: zlib zstd
gcc version 10.2.0 (GCC) 
COMPILER_PATH=/usr/lib/gcc/i686-pc-cygwin/10/:/usr/lib/gcc/i686-pc-cygwin/10/:/usr/lib/gcc/i686-pc-cygwin/:/usr/lib/gcc/i686-pc-cygwin/10/:/usr/lib/gcc/i686-pc-cygwin/:/usr/lib/gcc/i686-pc-cygwin/10/../../../../i686-pc-cygwin/bin/
LIBRARY_PATH=/usr/lib/gcc/i686-pc-cygwin/10/:/usr/lib/gcc/i686-pc-cygwin/10/../../../../i686-pc-cygwin/lib/:/usr/lib/gcc/i686-pc-cygwin/10/../../../:/lib/:/usr/lib/
COLLECT_GCC_OPTIONS='-v' '-o' 'cmTC_45708.exe' '-shared-libgcc' '-mtune=generic' '-march=i686'
 /usr/lib/gcc/i686-pc-cygwin/10/collect2.exe -plugin /usr/lib/gcc/i686-pc-cygwin/10/cyglto_plugin.dll -plugin-opt=/usr/lib/gcc/i686-pc-cygwin/10/lto-wrapper.exe -plugin-opt=-fresolution=/tmp/ccS0hrzE.res -plugin-opt=-pass-through=-lgcc_s -plugin-opt=-pass-through=-lgcc -plugin-opt=-pass-through=-lcygwin -plugin-opt=-pass-through=-ladvapi32 -plugin-opt=-pass-through=-lshell32 -plugin-opt=-pass-through=-luser32 -plugin-opt=-pass-through=-lkernel32 -plugin-opt=-pass-through=-lgcc_s -plugin-opt=-pass-through=-lgcc --build-id --wrap _Znwj --wrap _Znaj --wrap _ZdlPv --wrap _ZdaPv --wrap _ZnwjRKSt9nothrow_t --wrap _ZnajRKSt9nothrow_t --wrap _ZdlPvRKSt9nothrow_t --wrap _ZdaPvRKSt9nothrow_t -Bdynamic --dll-search-prefix=cyg --large-address-aware --tsaware -o cmTC_45708.exe /usr/lib/gcc/i686-pc-cygwin/10/../../../crt0.o /usr/lib/gcc/i686-pc-cygwin/10/crtbegin.o -L/usr/lib/gcc/i686-pc-cygwin/10 -L/usr/lib/gcc/i686-pc-cygwin/10/../../../../i686-pc-cygwin/lib -L/usr/lib/gcc/i686-pc-cygwin/10/../../.. --enable-auto-import CMakeFiles/cmTC_45708.dir/CMakeCXXCompilerABI.cpp.o --out-implib libcmTC_45708.dll.a --major-image-version 0 --minor-image-version 0 -lstdc++ -lgcc_s -lgcc -lcygwin -ladvapi32 -lshell32 -luser32 -lkernel32 -lgcc_s -lgcc /usr/lib/gcc/i686-pc-cygwin/10/../../../default-manifest.o /usr/lib/gcc/i686-pc-cygwin/10/crtend.o
COLLECT_GCC_OPTIONS='-v' '-o' 'cmTC_45708.exe' '-shared-libgcc' '-mtune=generic' '-march=i686'
make[1]: Leaving directory '/cygdrive/e/unicode_converter/boost/gbk_utf_sample/build/CMakeFiles/CMakeTmp'



Parsed CXX implicit include dir info from above output: rv=done
  found start of include info
  found start of implicit include info
    add: [/usr/lib/gcc/i686-pc-cygwin/10/include/c++]
    add: [/usr/lib/gcc/i686-pc-cygwin/10/include/c++/i686-pc-cygwin]
    add: [/usr/lib/gcc/i686-pc-cygwin/10/include/c++/backward]
    add: [/usr/lib/gcc/i686-pc-cygwin/10/include]
    add: [/usr/include]
    add: [/usr/lib/gcc/i686-pc-cygwin/10/../../../../include/w32api]
  end of search list found
  collapse include dir [/usr/lib/gcc/i686-pc-cygwin/10/include/c++] ==> [/usr/lib/gcc/i686-pc-cygwin/10/include/c++]
  collapse include dir [/usr/lib/gcc/i686-pc-cygwin/10/include/c++/i686-pc-cygwin] ==> [/usr/lib/gcc/i686-pc-cygwin/10/include/c++/i686-pc-cygwin]
  collapse include dir [/usr/lib/gcc/i686-pc-cygwin/10/include/c++/backward] ==> [/usr/lib/gcc/i686-pc-cygwin/10/include/c++/backward]
  collapse include dir [/usr/lib/gcc/i686-pc-cygwin/10/include] ==> [/usr/lib/gcc/i686-pc-cygwin/10/include]
  collapse include dir [/usr/include] ==> [/usr/include]
  collapse include dir [/usr/lib/gcc/i686-pc-cygwin/10/../../../../include/w32api] ==> [/usr/include/w32api]
  implicit include dirs: [/usr/lib/gcc/i686-pc-cygwin/10/include/c++;/usr/lib/gcc/i686-pc-cygwin/10/include/c++/i686-pc-cygwin;/usr/lib/gcc/i686-pc-cygwin/10/include/c++/backward;/usr/lib/gcc/i686-pc-cygwin/10/include;/usr/include;/usr/include/w32api]


Parsed CXX implicit link information from above output:
  link line regex: [^( *|.*[/\])(ld\.exe|CMAKE_LINK_STARTFILE-NOTFOUND|([^/\]+-)?ld|collect2)[^/\]*( |$)]
  ignore line: [Change Dir: /cygdrive/e/unicode_converter/boost/gbk_utf_sample/build/CMakeFiles/CMakeTmp]
  ignore line: []
  ignore line: [Run Build Command(s):/usr/bin/make.exe -f Makefile cmTC_45708/fast && /usr/bin/make  -f CMakeFiles/cmTC_45708.dir/build.make CMakeFiles/cmTC_45708.dir/build]
  ignore line: [make[1]: Entering directory '/cygdrive/e/unicode_converter/boost/gbk_utf_sample/build/CMakeFiles/CMakeTmp']
  ignore line: [Building CXX object CMakeFiles/cmTC_45708.dir/CMakeCXXCompilerABI.cpp.o]
  ignore line: [/usr/bin/c++.exe   -v -o CMakeFiles/cmTC_45708.dir/CMakeCXXCompilerABI.cpp.o -c /usr/share/cmake-3.20.0/Modules/CMakeCXXCompilerABI.cpp]
  ignore line: [Using built-in specs.]
  ignore line: [COLLECT_GCC=/usr/bin/c++]
  ignore line: [Target: i686-pc-cygwin]
  ignore line: [Configured with: /mnt/share/cygpkgs/gcc/gcc.x86/src/gcc-10.2.0/configure --srcdir=/mnt/share/cygpkgs/gcc/gcc.x86/src/gcc-10.2.0 --prefix=/usr --exec-prefix=/usr --localstatedir=/var --sysconfdir=/etc --docdir=/usr/share/doc/gcc --htmldir=/usr/share/doc/gcc/html -C --build=i686-pc-cygwin --host=i686-pc-cygwin --target=i686-pc-cygwin --without-libiconv-prefix --without-libintl-prefix --libexecdir=/usr/lib --with-gcc-major-version-only --enable-shared --enable-shared-libgcc --enable-static --enable-version-specific-runtime-libs --enable-bootstrap --enable-__cxa_atexit --with-dwarf2 --with-arch=i686 --with-tune=generic --disable-sjlj-exceptions --enable-languages=c,c++,fortran,lto,objc,obj-c++ --enable-graphite --enable-threads=posix --enable-libatomic --enable-libgomp --enable-libquadmath --enable-libquadmath-support --disable-libssp --enable-libada --disable-symvers --with-gnu-ld --with-gnu-as --with-cloog-include=/usr/include/cloog-isl --without-libiconv-prefix --without-libintl-prefix --with-system-zlib --enable-linker-build-id --with-default-libstdcxx-abi=gcc4-compatible --enable-libstdcxx-filesystem-ts]
  ignore line: [Thread model: posix]
  ignore line: [Supported LTO compression algorithms: zlib zstd]
  ignore line: [gcc version 10.2.0 (GCC) ]
  ignore line: [COLLECT_GCC_OPTIONS='-v' '-o' 'CMakeFiles/cmTC_45708.dir/CMakeCXXCompilerABI.cpp.o' '-c' '-shared-libgcc' '-mtune=generic' '-march=i686']
  ignore line: [ /usr/lib/gcc/i686-pc-cygwin/10/cc1plus.exe -quiet -v -idirafter /usr/lib/gcc/i686-pc-cygwin/10/../../../../include/w32api -idirafter /usr/lib/gcc/i686-pc-cygwin/10/../../../../i686-pc-cygwin/lib/../../include/w32api /usr/share/cmake-3.20.0/Modules/CMakeCXXCompilerABI.cpp -quiet -dumpbase CMakeCXXCompilerABI.cpp -mtune=generic -march=i686 -auxbase-strip CMakeFiles/cmTC_45708.dir/CMakeCXXCompilerABI.cpp.o -version -o /tmp/ccRnSwI1.s]
  ignore line: [GNU C++14 (GCC) version 10.2.0 (i686-pc-cygwin)]
  ignore line: [	compiled by GNU C version 10.2.0  GMP version 6.2.0  MPFR version 4.1.0  MPC version 1.1.0  isl version isl-0.22.1-GMP]
  ignore line: []
  ignore line: [warning: GMP header version 6.2.0 differs from library version 6.2.1.]
  ignore line: [warning: MPC header version 1.1.0 differs from library version 1.2.1.]
  ignore line: [GGC heuristics: --param ggc-min-expand=100 --param ggc-min-heapsize=131072]
  ignore line: [ignoring nonexistent directory "/usr/local/include"]
  ignore line: [ignoring nonexistent directory "/usr/lib/gcc/i686-pc-cygwin/10/include-fixed"]
  ignore line: [ignoring nonexistent directory "/usr/lib/gcc/i686-pc-cygwin/10/../../../../i686-pc-cygwin/include"]
  ignore line: [ignoring duplicate directory "/usr/lib/gcc/i686-pc-cygwin/10/../../../../i686-pc-cygwin/lib/../../include/w32api"]
  ignore line: [#include "..." search starts here:]
  ignore line: [#include <...> search starts here:]
  ignore line: [ /usr/lib/gcc/i686-pc-cygwin/10/include/c++]
  ignore line: [ /usr/lib/gcc/i686-pc-cygwin/10/include/c++/i686-pc-cygwin]
  ignore line: [ /usr/lib/gcc/i686-pc-cygwin/10/include/c++/backward]
  ignore line: [ /usr/lib/gcc/i686-pc-cygwin/10/include]
  ignore line: [ /usr/include]
  ignore line: [ /usr/lib/gcc/i686-pc-cygwin/10/../../../../include/w32api]
  ignore line: [End of search list.]
  ignore line: [GNU C++14 (GCC) version 10.2.0 (i686-pc-cygwin)]
  ignore line: [	compiled by GNU C version 10.2.0  GMP version 6.2.0  MPFR version 4.1.0  MPC version 1.1.0  isl version isl-0.22.1-GMP]
  ignore line: []
  ignore line: [warning: GMP header version 6.2.0 differs from library version 6.2.1.]
  ignore line: [warning: MPC header version 1.1.0 differs from library version 1.2.1.]
  ignore line: [GGC heuristics: --param ggc-min-expand=100 --param ggc-min-heapsize=131072]
  ignore line: [Compiler executable checksum: 245f985392701ece9033501f75b480d5]
  ignore line: [COLLECT_GCC_OPTIONS='-v' '-o' 'CMakeFiles/cmTC_45708.dir/CMakeCXXCompilerABI.cpp.o' '-c' '-shared-libgcc' '-mtune=generic' '-march=i686']
  ignore line: [ /usr/lib/gcc/i686-pc-cygwin/10/../../../../i686-pc-cygwin/bin/as.exe -v -o CMakeFiles/cmTC_45708.dir/CMakeCXXCompilerABI.cpp.o /tmp/ccRnSwI1.s]
  ignore line: [GNU assembler version 2.36.1 (i686-pc-cygwin) using BFD version (GNU Binutils) 2.36.1]
  ignore line: [COMPILER_PATH=/usr/lib/gcc/i686-pc-cygwin/10/:/usr/lib/gcc/i686-pc-cygwin/10/:/usr/lib/gcc/i686-pc-cygwin/:/usr/lib/gcc/i686-pc-cygwin/10/:/usr/lib/gcc/i686-pc-cygwin/:/usr/lib/gcc/i686-pc-cygwin/10/../../../../i686-pc-cygwin/bin/]
  ignore line: [LIBRARY_PATH=/usr/lib/gcc/i686-pc-cygwin/10/:/usr/lib/gcc/i686-pc-cygwin/10/../../../../i686-pc-cygwin/lib/:/usr/lib/gcc/i686-pc-cygwin/10/../../../:/lib/:/usr/lib/]
  ignore line: [COLLECT_GCC_OPTIONS='-v' '-o' 'CMakeFiles/cmTC_45708.dir/CMakeCXXCompilerABI.cpp.o' '-c' '-shared-libgcc' '-mtune=generic' '-march=i686']
  ignore line: [Linking CXX executable cmTC_45708.exe]
  ignore line: [/usr/bin/cmake.exe -E cmake_link_script CMakeFiles/cmTC_45708.dir/link.txt --verbose=1]
  ignore line: [/usr/bin/c++.exe -Wl --enable-auto-import -v CMakeFiles/cmTC_45708.dir/CMakeCXXCompilerABI.cpp.o -o cmTC_45708.exe -Wl --out-implib libcmTC_45708.dll.a -Wl --major-image-version 0 --minor-image-version 0 ]
  ignore line: [Using built-in specs.]
  ignore line: [COLLECT_GCC=/usr/bin/c++]
  ignore line: [COLLECT_LTO_WRAPPER=/usr/lib/gcc/i686-pc-cygwin/10/lto-wrapper.exe]
  ignore line: [Target: i686-pc-cygwin]
  ignore line: [Configured with: /mnt/share/cygpkgs/gcc/gcc.x86/src/gcc-10.2.0/configure --srcdir=/mnt/share/cygpkgs/gcc/gcc.x86/src/gcc-10.2.0 --prefix=/usr --exec-prefix=/usr --localstatedir=/var --sysconfdir=/etc --docdir=/usr/share/doc/gcc --htmldir=/usr/share/doc/gcc/html -C --build=i686-pc-cygwin --host=i686-pc-cygwin --target=i686-pc-cygwin --without-libiconv-prefix --without-libintl-prefix --libexecdir=/usr/lib --with-gcc-major-version-only --enable-shared --enable-shared-libgcc --enable-static --enable-version-specific-runtime-libs --enable-bootstrap --enable-__cxa_atexit --with-dwarf2 --with-arch=i686 --with-tune=generic --disable-sjlj-exceptions --enable-languages=c,c++,fortran,lto,objc,obj-c++ --enable-graphite --enable-threads=posix --enable-libatomic --enable-libgomp --enable-libquadmath --enable-libquadmath-support --disable-libssp --enable-libada --disable-symvers --with-gnu-ld --with-gnu-as --with-cloog-include=/usr/include/cloog-isl --without-libiconv-prefix --without-libintl-prefix --with-system-zlib --enable-linker-build-id --with-default-libstdcxx-abi=gcc4-compatible --enable-libstdcxx-filesystem-ts]
  ignore line: [Thread model: posix]
  ignore line: [Supported LTO compression algorithms: zlib zstd]
  ignore line: [gcc version 10.2.0 (GCC) ]
  ignore line: [COMPILER_PATH=/usr/lib/gcc/i686-pc-cygwin/10/:/usr/lib/gcc/i686-pc-cygwin/10/:/usr/lib/gcc/i686-pc-cygwin/:/usr/lib/gcc/i686-pc-cygwin/10/:/usr/lib/gcc/i686-pc-cygwin/:/usr/lib/gcc/i686-pc-cygwin/10/../../../../i686-pc-cygwin/bin/]
  ignore line: [LIBRARY_PATH=/usr/lib/gcc/i686-pc-cygwin/10/:/usr/lib/gcc/i686-pc-cygwin/10/../../../../i686-pc-cygwin/lib/:/usr/lib/gcc/i686-pc-cygwin/10/../../../:/lib/:/usr/lib/]
  ignore line: [COLLECT_GCC_OPTIONS='-v' '-o' 'cmTC_45708.exe' '-shared-libgcc' '-mtune=generic' '-march=i686']
  link line: [ /usr/lib/gcc/i686-pc-cygwin/10/collect2.exe -plugin /usr/lib/gcc/i686-pc-cygwin/10/cyglto_plugin.dll -plugin-opt=/usr/lib/gcc/i686-pc-cygwin/10/lto-wrapper.exe -plugin-opt=-fresolution=/tmp/ccS0hrzE.res -plugin-opt=-pass-through=-lgcc_s -plugin-opt=-pass-through=-lgcc -plugin-opt=-pass-through=-lcygwin -plugin-opt=-pass-through=-ladvapi32 -plugin-opt=-pass-through=-lshell32 -plugin-opt=-pass-through=-luser32 -plugin-opt=-pass-through=-lkernel32 -plugin-opt=-pass-through=-lgcc_s -plugin-opt=-pass-through=-lgcc --build-id --wrap _Znwj --wrap _Znaj --wrap _ZdlPv --wrap _ZdaPv --wrap _ZnwjRKSt9nothrow_t --wrap _ZnajRKSt9nothrow_t --wrap _ZdlPvRKSt9nothrow_t --wrap _ZdaPvRKSt9nothrow_t -Bdynamic --dll-search-prefix=cyg --large-address-aware --tsaware -o cmTC_45708.exe /usr/lib/gcc/i686-pc-cygwin/10/../../../crt0.o /usr/lib/gcc/i686-pc-cygwin/10/crtbegin.o -L/usr/lib/gcc/i686-pc-cygwin/10 -L/usr/lib/gcc/i686-pc-cygwin/10/../../../../i686-pc-cygwin/lib -L/usr/lib/gcc/i686-pc-cygwin/10/../../.. --enable-auto-import CMakeFiles/cmTC_45708.dir/CMakeCXXCompilerABI.cpp.o --out-implib libcmTC_45708.dll.a --major-image-version 0 --minor-image-version 0 -lstdc++ -lgcc_s -lgcc -lcygwin -ladvapi32 -lshell32 -luser32 -lkernel32 -lgcc_s -lgcc /usr/lib/gcc/i686-pc-cygwin/10/../../../default-manifest.o /usr/lib/gcc/i686-pc-cygwin/10/crtend.o]
    arg [/usr/lib/gcc/i686-pc-cygwin/10/collect2.exe] ==> ignore
    arg [-plugin] ==> ignore
    arg [/usr/lib/gcc/i686-pc-cygwin/10/cyglto_plugin.dll] ==> ignore
    arg [-plugin-opt=/usr/lib/gcc/i686-pc-cygwin/10/lto-wrapper.exe] ==> ignore
    arg [-plugin-opt=-fresolution=/tmp/ccS0hrzE.res] ==> ignore
    arg [-plugin-opt=-pass-through=-lgcc_s] ==> ignore
    arg [-plugin-opt=-pass-through=-lgcc] ==> ignore
    arg [-plugin-opt=-pass-through=-lcygwin] ==> ignore
    arg [-plugin-opt=-pass-through=-ladvapi32] ==> ignore
    arg [-plugin-opt=-pass-through=-lshell32] ==> ignore
    arg [-plugin-opt=-pass-through=-luser32] ==> ignore
    arg [-plugin-opt=-pass-through=-lkernel32] ==> ignore
    arg [-plugin-opt=-pass-through=-lgcc_s] ==> ignore
    arg [-plugin-opt=-pass-through=-lgcc] ==> ignore
    arg [--build-id] ==> ignore
    arg [--wrap] ==> ignore
    arg [_Znwj] ==> ignore
    arg [--wrap] ==> ignore
    arg [_Znaj] ==> ignore
    arg [--wrap] ==> ignore
    arg [_ZdlPv] ==> ignore
    arg [--wrap] ==> ignore
    arg [_ZdaPv] ==> ignore
    arg [--wrap] ==> ignore
    arg [_ZnwjRKSt9nothrow_t] ==> ignore
    arg [--wrap] ==> ignore
    arg [_ZnajRKSt9nothrow_t] ==> ignore
    arg [--wrap] ==> ignore
    arg [_ZdlPvRKSt9nothrow_t] ==> ignore
    arg [--wrap] ==> ignore
    arg [_ZdaPvRKSt9nothrow_t] ==> ignore
    arg [-Bdynamic] ==> ignore
    arg [--dll-search-prefix=cyg] ==> ignore
    arg [--large-address-aware] ==> ignore
    arg [--tsaware] ==> ignore
    arg [-o] ==> ignore
    arg [cmTC_45708.exe] ==> ignore
    arg [/usr/lib/gcc/i686-pc-cygwin/10/../../../crt0.o] ==> ignore
    arg [/usr/lib/gcc/i686-pc-cygwin/10/crtbegin.o] ==> ignore
    arg [-L/usr/lib/gcc/i686-pc-cygwin/10] ==> dir [/usr/lib/gcc/i686-pc-cygwin/10]
    arg [-L/usr/lib/gcc/i686-pc-cygwin/10/../../../../i686-pc-cygwin/lib] ==> dir [/usr/lib/gcc/i686-pc-cygwin/10/../../../../i686-pc-cygwin/lib]
    arg [-L/usr/lib/gcc/i686-pc-cygwin/10/../../..] ==> dir [/usr/lib/gcc/i686-pc-cygwin/10/../../..]
    arg [--enable-auto-import] ==> ignore
    arg [CMakeFiles/cmTC_45708.dir/CMakeCXXCompilerABI.cpp.o] ==> ignore
    arg [--out-implib] ==> ignore
    arg [libcmTC_45708.dll.a] ==> ignore
    arg [--major-image-version] ==> ignore
    arg [0] ==> ignore
    arg [--minor-image-version] ==> ignore
    arg [0] ==> ignore
    arg [-lstdc++] ==> lib [stdc++]
    arg [-lgcc_s] ==> lib [gcc_s]
    arg [-lgcc] ==> lib [gcc]
    arg [-lcygwin] ==> lib [cygwin]
    arg [-ladvapi32] ==> lib [advapi32]
    arg [-lshell32] ==> lib [shell32]
    arg [-luser32] ==> lib [user32]
    arg [-lkernel32] ==> lib [kernel32]
    arg [-lgcc_s] ==> lib [gcc_s]
    arg [-lgcc] ==> lib [gcc]
    arg [/usr/lib/gcc/i686-pc-cygwin/10/../../../default-manifest.o] ==> ignore
    arg [/usr/lib/gcc/i686-pc-cygwin/10/crtend.o] ==> ignore
  collapse library dir [/usr/lib/gcc/i686-pc-cygwin/10] ==> [/usr/lib/gcc/i686-pc-cygwin/10]
  collapse library dir [/usr/lib/gcc/i686-pc-cygwin/10/../../../../i686-pc-cygwin/lib] ==> [/usr/i686-pc-cygwin/lib]
  collapse library dir [/usr/lib/gcc/i686-pc-cygwin/10/../../..] ==> [/usr/lib]
  implicit libs: [stdc++;gcc_s;gcc;cygwin;advapi32;shell32;user32;kernel32;gcc_s;gcc]
  implicit dirs: [/usr/lib/gcc/i686-pc-cygwin/10;/usr/i686-pc-cygwin/lib;/usr/lib]
  implicit fwks: []


